<?xml version="1.0" encoding="UTF-8"?>
<!-- Generated by org.testng.reporters.JUnitXMLReporter -->
<testsuite ignored="0" hostname="DESKTOP-3T0QBIC" failures="0" tests="4" name="groupTest" time="0.08" errors="0" timestamp="2022-02-06T07:19:05 IST">
  <testcase classname="testngproject.groupTest" name="employeeId" time="0.008"/>
  <testcase classname="testngproject.groupTest" name="employeeName" time="0.002"/>
  <testcase classname="testngproject.groupTest" name="personalAdd" time="0.003"/>
  <testcase classname="testngproject.groupTest" name="personalNo" time="0.001"/>
</testsuite> <!-- groupTest -->
